<?xml version="1.0" encoding="UTF-8"?>
<!-- Generated by org.testng.reporters.JUnitXMLReporter -->
<testsuite hostname="HARSHITH-PC" ignored="0" name="Test" tests="3" failures="3" timestamp="2021-07-19T18:34:03 IST" time="67.33" errors="0">
  <testcase name="insuranceCalculate" time="17.54" classname="insuaranceCalc_Motorcycle.EndToEndTests_motorcycle">
    <failure type="java.lang.AssertionError" message="Pricing for gold plan is not matching. expected [236.00] but found [696.00]">
      <![CDATA[java.lang.AssertionError: Pricing for gold plan is not matching. expected [236.00] but found [696.00]
at insuaranceCalc_Motorcycle.EndToEndTests_motorcycle.insuranceCalculate(EndToEndTests_motorcycle.java:33)
at java.util.ArrayList.forEach(ArrayList.java:1257)
... Removed 32 stack frames]]>
    </failure>
  </testcase> <!-- insuranceCalculate -->
  <testcase name="insuranceCalculate" time="17.402" classname="insuaranceCalc_Motorcycle.EndToEndTests_motorcycle">
    <failure type="java.lang.AssertionError" message="Pricing for gold plan is not matching. expected [236.00] but found [772.00]">
      <![CDATA[java.lang.AssertionError: Pricing for gold plan is not matching. expected [236.00] but found [772.00]
at insuaranceCalc_Motorcycle.EndToEndTests_motorcycle.insuranceCalculate(EndToEndTests_motorcycle.java:33)
at java.util.ArrayList.forEach(ArrayList.java:1257)
... Removed 32 stack frames]]>
    </failure>
  </testcase> <!-- insuranceCalculate -->
  <testcase name="insuranceCalculate" time="1.657" classname="insuaranceCalc_Motorcycle.EndToEndTests_motorcycle">
    <failure type="java.lang.NullPointerException">
      <![CDATA[java.lang.NullPointerException
at pageObjects.EnterVehicleDataPageObject.enterVehicleData(EnterVehicleDataPageObject.java:71)
at insuaranceCalc_Motorcycle.EndToEndTests_motorcycle.insuranceCalculate(EndToEndTests_motorcycle.java:25)
at java.util.ArrayList.forEach(ArrayList.java:1257)
... Removed 27 stack frames]]>
    </failure>
  </testcase> <!-- insuranceCalculate -->
</testsuite> <!-- Test -->
