<?xml version="1.0" encoding="UTF-8"?>
<!-- Generated by org.testng.reporters.JUnitXMLReporter -->
<testsuite hostname="HARSHITH-PC" ignored="0" name="Test" tests="3" failures="2" timestamp="2021-07-19T19:09:32 IST" time="67.168" errors="0">
  <testcase name="insuranceCalculate" time="17.399" classname="insuaranceCalc_Motorcycle.EndToEndTests_motorcycle"/>
  <testcase name="insuranceCalculate" time="16.496" classname="insuaranceCalc_Motorcycle.EndToEndTests_motorcycle">
    <failure type="java.lang.AssertionError" message="Pricing for silver plan is not matching. expected [236.00] but found [262.00]">
      <![CDATA[java.lang.AssertionError: Pricing for silver plan is not matching. expected [236.00] but found [262.00]
at insuaranceCalc_Motorcycle.EndToEndTests_motorcycle.insuranceCalculate(EndToEndTests_motorcycle.java:34)
at java.util.ArrayList.forEach(ArrayList.java:1257)
... Removed 36 stack frames]]>
    </failure>
  </testcase> <!-- insuranceCalculate -->
  <testcase name="insuranceCalculate" time="1.867" classname="insuaranceCalc_Motorcycle.EndToEndTests_motorcycle">
    <failure type="java.lang.NullPointerException">
      <![CDATA[java.lang.NullPointerException
at pageObjects.EnterVehicleDataPageObject.enterVehicleData(EnterVehicleDataPageObject.java:71)
at insuaranceCalc_Motorcycle.EndToEndTests_motorcycle.insuranceCalculate(EndToEndTests_motorcycle.java:25)
at java.util.ArrayList.forEach(ArrayList.java:1257)
... Removed 31 stack frames]]>
    </failure>
  </testcase> <!-- insuranceCalculate -->
</testsuite> <!-- Test -->
